2019-03-13 15:37:27.195  INFO 57144 --- [main] com.cmpe226.cafe.CafeApplication         : Starting CafeApplication on Wens-MacBook-Pro.local with PID 57144 (/Users/Wen/226Team/Server/Cafe/target/classes started by Wen in /Users/Wen/226Team/Server/Cafe)
2019-03-13 15:37:27.201 DEBUG 57144 --- [main] com.cmpe226.cafe.CafeApplication         : Running with Spring Boot v2.1.3.RELEASE, Spring v5.1.5.RELEASE
2019-03-13 15:37:27.202  INFO 57144 --- [main] com.cmpe226.cafe.CafeApplication         : No active profile set, falling back to default profiles: default
2019-03-13 15:37:28.493  INFO 57144 --- [main] .s.d.r.c.RepositoryConfigurationDelegate : Bootstrapping Spring Data repositories in DEFAULT mode.
2019-03-13 15:37:28.587  INFO 57144 --- [main] .s.d.r.c.RepositoryConfigurationDelegate : Finished Spring Data repository scanning in 79ms. Found 1 repository interfaces.
2019-03-13 15:37:29.120  INFO 57144 --- [main] trationDelegate$BeanPostProcessorChecker : Bean 'org.springframework.transaction.annotation.ProxyTransactionManagementConfiguration' of type [org.springframework.transaction.annotation.ProxyTransactionManagementConfiguration$$EnhancerBySpringCGLIB$$eb3e7449] is not eligible for getting processed by all BeanPostProcessors (for example: not eligible for auto-proxying)
2019-03-13 15:37:29.555  INFO 57144 --- [main] o.s.b.w.embedded.tomcat.TomcatWebServer  : Tomcat initialized with port(s): 8080 (http)
2019-03-13 15:37:29.581  INFO 57144 --- [main] o.apache.catalina.core.StandardService   : Starting service [Tomcat]
2019-03-13 15:37:29.581  INFO 57144 --- [main] org.apache.catalina.core.StandardEngine  : Starting Servlet engine: [Apache Tomcat/9.0.16]
2019-03-13 15:37:29.588  INFO 57144 --- [main] o.a.catalina.core.AprLifecycleListener   : The APR based Apache Tomcat Native library which allows optimal performance in production environments was not found on the java.library.path: [/Users/Wen/Library/Java/Extensions:/Library/Java/Extensions:/Network/Library/Java/Extensions:/System/Library/Java/Extensions:/usr/lib/java:.]
2019-03-13 15:37:29.697  INFO 57144 --- [main] o.a.c.c.C.[Tomcat].[localhost].[/]       : Initializing Spring embedded WebApplicationContext
2019-03-13 15:37:29.698  INFO 57144 --- [main] o.s.web.context.ContextLoader            : Root WebApplicationContext: initialization completed in 2336 ms
2019-03-13 15:37:29.928  INFO 57144 --- [main] com.zaxxer.hikari.HikariDataSource       : HikariPool-1 - Starting...
2019-03-13 15:37:30.084  INFO 57144 --- [main] com.zaxxer.hikari.HikariDataSource       : HikariPool-1 - Start completed.
2019-03-13 15:37:30.258  INFO 57144 --- [main] o.hibernate.jpa.internal.util.LogHelper  : HHH000204: Processing PersistenceUnitInfo [
	name: default
	...]
2019-03-13 15:37:30.365  INFO 57144 --- [main] org.hibernate.Version                    : HHH000412: Hibernate Core {5.3.7.Final}
2019-03-13 15:37:30.367  INFO 57144 --- [main] org.hibernate.cfg.Environment            : HHH000206: hibernate.properties not found
2019-03-13 15:37:30.567  INFO 57144 --- [main] o.hibernate.annotations.common.Version   : HCANN000001: Hibernate Commons Annotations {5.0.4.Final}
2019-03-13 15:37:30.738  INFO 57144 --- [main] org.hibernate.dialect.Dialect            : HHH000400: Using dialect: org.hibernate.dialect.MySQL5Dialect
2019-03-13 15:37:31.556  INFO 57144 --- [main] j.LocalContainerEntityManagerFactoryBean : Initialized JPA EntityManagerFactory for persistence unit 'default'
2019-03-13 15:37:32.111  INFO 57144 --- [main] o.s.s.concurrent.ThreadPoolTaskExecutor  : Initializing ExecutorService 'applicationTaskExecutor'
2019-03-13 15:37:32.150  WARN 57144 --- [main] aWebConfiguration$JpaWebMvcConfiguration : spring.jpa.open-in-view is enabled by default. Therefore, database queries may be performed during view rendering. Explicitly configure spring.jpa.open-in-view to disable this warning
2019-03-13 15:37:32.370  INFO 57144 --- [main] o.s.b.w.embedded.tomcat.TomcatWebServer  : Tomcat started on port(s): 8080 (http) with context path ''
2019-03-13 15:37:32.373  INFO 57144 --- [main] com.cmpe226.cafe.CafeApplication         : Started CafeApplication in 6.032 seconds (JVM running for 7.18)
2019-03-13 15:38:08.564  INFO 57144 --- [http-nio-8080-exec-1] o.a.c.c.C.[Tomcat].[localhost].[/]       : Initializing Spring DispatcherServlet 'dispatcherServlet'
2019-03-13 15:38:08.565  INFO 57144 --- [http-nio-8080-exec-1] o.s.web.servlet.DispatcherServlet        : Initializing Servlet 'dispatcherServlet'
2019-03-13 15:38:08.576  INFO 57144 --- [http-nio-8080-exec-1] o.s.web.servlet.DispatcherServlet        : Completed initialization in 11 ms
